0 info it worked if it ends with ok
1 verbose cli [ 'D:\\NodeJS\\node.exe',
1 verbose cli   'D:\\NodeJS\\node_modules\\npm\\bin\\npm-cli.js',
1 verbose cli   'install',
1 verbose cli   'socket' ]
2 info using npm@3.8.3
3 info using node@v5.10.1
4 silly loadCurrentTree Starting
5 silly install loadCurrentTree
6 silly install readLocalPackageData
7 silly fetchPackageMetaData socket
8 silly fetchNamedPackageData socket
9 silly mapToRegistry name socket
10 silly mapToRegistry using default registry
11 silly mapToRegistry registry https://registry.npmjs.org/
12 silly mapToRegistry data Result {
12 silly mapToRegistry   raw: 'socket',
12 silly mapToRegistry   scope: null,
12 silly mapToRegistry   name: 'socket',
12 silly mapToRegistry   rawSpec: '',
12 silly mapToRegistry   spec: 'latest',
12 silly mapToRegistry   type: 'tag' }
13 silly mapToRegistry uri https://registry.npmjs.org/socket
14 verbose request uri https://registry.npmjs.org/socket
15 verbose request no auth needed
16 info attempt registry request try #1 at 10:19:47
17 verbose request id 598c80c22171a113
18 http request GET https://registry.npmjs.org/socket
19 http 200 https://registry.npmjs.org/socket
20 verbose headers { server: 'CouchDB/1.5.0 (Erlang OTP/R16B03)',
20 verbose headers   etag: '"368QAD6FWDSRRSF0K2VF00IA6"',
20 verbose headers   'content-type': 'application/json',
20 verbose headers   'content-encoding': 'gzip',
20 verbose headers   'cache-control': 'max-age=300',
20 verbose headers   'content-length': '666',
20 verbose headers   'accept-ranges': 'bytes',
20 verbose headers   date: 'Sun, 10 Apr 2016 02:19:50 GMT',
20 verbose headers   via: '1.1 varnish',
20 verbose headers   age: '0',
20 verbose headers   connection: 'keep-alive',
20 verbose headers   'x-served-by': 'cache-nrt6121-NRT',
20 verbose headers   'x-cache': 'MISS',
20 verbose headers   'x-cache-hits': '0',
20 verbose headers   'x-timer': 'S1460254789.644565,VS0,VE495',
20 verbose headers   vary: 'Accept-Encoding' }
21 silly get cb [ 200,
21 silly get   { server: 'CouchDB/1.5.0 (Erlang OTP/R16B03)',
21 silly get     etag: '"368QAD6FWDSRRSF0K2VF00IA6"',
21 silly get     'content-type': 'application/json',
21 silly get     'content-encoding': 'gzip',
21 silly get     'cache-control': 'max-age=300',
21 silly get     'content-length': '666',
21 silly get     'accept-ranges': 'bytes',
21 silly get     date: 'Sun, 10 Apr 2016 02:19:50 GMT',
21 silly get     via: '1.1 varnish',
21 silly get     age: '0',
21 silly get     connection: 'keep-alive',
21 silly get     'x-served-by': 'cache-nrt6121-NRT',
21 silly get     'x-cache': 'MISS',
21 silly get     'x-cache-hits': '0',
21 silly get     'x-timer': 'S1460254789.644565,VS0,VE495',
21 silly get     vary: 'Accept-Encoding' } ]
22 verbose get saving socket to C:\Users\Administrator\AppData\Roaming\npm-cache\registry.npmjs.org\socket\.cache.json
23 verbose correctMkdir C:\Users\Administrator\AppData\Roaming\npm-cache correctMkdir not in flight; initializing
24 silly install normalizeTree
25 silly loadCurrentTree Finishing
26 silly loadIdealTree Starting
27 silly install loadIdealTree
28 silly cloneCurrentTree Starting
29 silly install cloneCurrentTreeToIdealTree
30 silly cloneCurrentTree Finishing
31 silly loadShrinkwrap Starting
32 silly install loadShrinkwrap
33 silly loadShrinkwrap Finishing
34 silly loadAllDepsIntoIdealTree Starting
35 silly install loadAllDepsIntoIdealTree
36 silly resolveWithNewModule socket@0.0.1 checking installable status
37 silly cache add args [ 'socket', null ]
38 verbose cache add spec socket
39 silly cache add parsed spec Result {
39 silly cache add   raw: 'socket',
39 silly cache add   scope: null,
39 silly cache add   name: 'socket',
39 silly cache add   rawSpec: '',
39 silly cache add   spec: 'latest',
39 silly cache add   type: 'tag' }
40 silly addNamed socket@latest
41 verbose addNamed "latest" is being treated as a dist-tag for socket
42 info addNameTag [ 'socket', 'latest' ]
43 silly mapToRegistry name socket
44 silly mapToRegistry using default registry
45 silly mapToRegistry registry https://registry.npmjs.org/
46 silly mapToRegistry data Result {
46 silly mapToRegistry   raw: 'socket',
46 silly mapToRegistry   scope: null,
46 silly mapToRegistry   name: 'socket',
46 silly mapToRegistry   rawSpec: '',
46 silly mapToRegistry   spec: 'latest',
46 silly mapToRegistry   type: 'tag' }
47 silly mapToRegistry uri https://registry.npmjs.org/socket
48 verbose addNameTag registry:https://registry.npmjs.org/socket not in flight; fetching
49 verbose get https://registry.npmjs.org/socket not expired, no request
50 silly addNameTag next cb for socket with tag latest
51 silly addNamed socket@0.0.1
52 verbose addNamed "0.0.1" is a plain semver version for socket
53 silly mapToRegistry name socket
54 silly mapToRegistry using default registry
55 silly mapToRegistry registry https://registry.npmjs.org/
56 silly mapToRegistry data Result {
56 silly mapToRegistry   raw: 'socket',
56 silly mapToRegistry   scope: null,
56 silly mapToRegistry   name: 'socket',
56 silly mapToRegistry   rawSpec: '',
56 silly mapToRegistry   spec: 'latest',
56 silly mapToRegistry   type: 'tag' }
57 silly mapToRegistry uri https://registry.npmjs.org/socket
58 verbose addRemoteTarball https://registry.npmjs.org/socket/-/socket-0.0.1.tgz not in flight; adding
59 verbose addRemoteTarball [ 'https://registry.npmjs.org/socket/-/socket-0.0.1.tgz',
59 verbose addRemoteTarball   '29ac6549f15a65b19f3444a4178d537a8c161a8b' ]
60 info retry fetch attempt 1 at 10:19:48
61 info attempt registry request try #1 at 10:19:48
62 http fetch GET https://registry.npmjs.org/socket/-/socket-0.0.1.tgz
63 http fetch 200 https://registry.npmjs.org/socket/-/socket-0.0.1.tgz
64 silly fetchAndShaCheck shasum 29ac6549f15a65b19f3444a4178d537a8c161a8b
65 verbose addTmpTarball C:\Users\ADMINI~1\AppData\Local\Temp\npm-29356-f86ea3b6\registry.npmjs.org\socket\-\socket-0.0.1.tgz not in flight; adding
66 verbose addTmpTarball already have metadata; skipping unpack for socket@0.0.1
67 verbose correctMkdir C:\Users\Administrator\AppData\Roaming\npm-cache correctMkdir not in flight; initializing
68 silly cache afterAdd socket@0.0.1
69 verbose afterAdd C:\Users\Administrator\AppData\Roaming\npm-cache\socket\0.0.1\package\package.json not in flight; writing
70 verbose correctMkdir C:\Users\Administrator\AppData\Roaming\npm-cache correctMkdir not in flight; initializing
71 verbose afterAdd C:\Users\Administrator\AppData\Roaming\npm-cache\socket\0.0.1\package\package.json written
72 silly fetchNamedPackageData microtime
73 silly mapToRegistry name microtime
74 silly mapToRegistry using default registry
75 silly mapToRegistry registry https://registry.npmjs.org/
76 silly mapToRegistry data Result {
76 silly mapToRegistry   raw: 'microtime',
76 silly mapToRegistry   scope: null,
76 silly mapToRegistry   name: 'microtime',
76 silly mapToRegistry   rawSpec: '',
76 silly mapToRegistry   spec: 'latest',
76 silly mapToRegistry   type: 'tag' }
77 silly mapToRegistry uri https://registry.npmjs.org/microtime
78 verbose request uri https://registry.npmjs.org/microtime
79 verbose request no auth needed
80 info attempt registry request try #1 at 10:19:49
81 http request GET https://registry.npmjs.org/microtime
82 http 200 https://registry.npmjs.org/microtime
83 verbose headers { server: 'CouchDB/1.5.0 (Erlang OTP/R16B03)',
83 verbose headers   etag: '"643BDRJSWF8XK731HA0S1NGN2"',
83 verbose headers   'content-type': 'application/json',
83 verbose headers   'content-encoding': 'gzip',
83 verbose headers   'cache-control': 'max-age=300',
83 verbose headers   'content-length': '4627',
83 verbose headers   'accept-ranges': 'bytes',
83 verbose headers   date: 'Sun, 10 Apr 2016 02:19:51 GMT',
83 verbose headers   via: '1.1 varnish',
83 verbose headers   age: '0',
83 verbose headers   connection: 'keep-alive',
83 verbose headers   'x-served-by': 'cache-nrt6121-NRT',
83 verbose headers   'x-cache': 'MISS',
83 verbose headers   'x-cache-hits': '0',
83 verbose headers   'x-timer': 'S1460254791.062334,VS0,VE696',
83 verbose headers   vary: 'Accept-Encoding' }
84 silly get cb [ 200,
84 silly get   { server: 'CouchDB/1.5.0 (Erlang OTP/R16B03)',
84 silly get     etag: '"643BDRJSWF8XK731HA0S1NGN2"',
84 silly get     'content-type': 'application/json',
84 silly get     'content-encoding': 'gzip',
84 silly get     'cache-control': 'max-age=300',
84 silly get     'content-length': '4627',
84 silly get     'accept-ranges': 'bytes',
84 silly get     date: 'Sun, 10 Apr 2016 02:19:51 GMT',
84 silly get     via: '1.1 varnish',
84 silly get     age: '0',
84 silly get     connection: 'keep-alive',
84 silly get     'x-served-by': 'cache-nrt6121-NRT',
84 silly get     'x-cache': 'MISS',
84 silly get     'x-cache-hits': '0',
84 silly get     'x-timer': 'S1460254791.062334,VS0,VE696',
84 silly get     vary: 'Accept-Encoding' } ]
85 verbose get saving microtime to C:\Users\Administrator\AppData\Roaming\npm-cache\registry.npmjs.org\microtime\.cache.json
86 verbose correctMkdir C:\Users\Administrator\AppData\Roaming\npm-cache correctMkdir not in flight; initializing
87 silly resolveWithNewModule microtime@0.2.0 checking installable status
88 silly cache add args [ 'microtime@=0.2.0', null ]
89 verbose cache add spec microtime@=0.2.0
90 silly cache add parsed spec Result {
90 silly cache add   raw: 'microtime@=0.2.0',
90 silly cache add   scope: null,
90 silly cache add   name: 'microtime',
90 silly cache add   rawSpec: '=0.2.0',
90 silly cache add   spec: '0.2.0',
90 silly cache add   type: 'version' }
91 silly addNamed microtime@0.2.0
92 verbose addNamed "0.2.0" is a plain semver version for microtime
93 silly mapToRegistry name microtime
94 silly mapToRegistry using default registry
95 silly mapToRegistry registry https://registry.npmjs.org/
96 silly mapToRegistry data Result {
96 silly mapToRegistry   raw: 'microtime',
96 silly mapToRegistry   scope: null,
96 silly mapToRegistry   name: 'microtime',
96 silly mapToRegistry   rawSpec: '',
96 silly mapToRegistry   spec: 'latest',
96 silly mapToRegistry   type: 'tag' }
97 silly mapToRegistry uri https://registry.npmjs.org/microtime
98 verbose addNameVersion registry:https://registry.npmjs.org/microtime not in flight; fetching
99 verbose get https://registry.npmjs.org/microtime not expired, no request
100 silly mapToRegistry name microtime
101 silly mapToRegistry using default registry
102 silly mapToRegistry registry https://registry.npmjs.org/
103 silly mapToRegistry data Result {
103 silly mapToRegistry   raw: 'microtime',
103 silly mapToRegistry   scope: null,
103 silly mapToRegistry   name: 'microtime',
103 silly mapToRegistry   rawSpec: '',
103 silly mapToRegistry   spec: 'latest',
103 silly mapToRegistry   type: 'tag' }
104 silly mapToRegistry uri https://registry.npmjs.org/microtime
105 verbose addRemoteTarball https://registry.npmjs.org/microtime/-/microtime-0.2.0.tgz not in flight; adding
106 verbose addRemoteTarball [ 'https://registry.npmjs.org/microtime/-/microtime-0.2.0.tgz',
106 verbose addRemoteTarball   '45ee5cb061f9948a3ade221e620d5117a8a2bdb4' ]
107 info retry fetch attempt 1 at 10:19:50
108 info attempt registry request try #1 at 10:19:50
109 http fetch GET https://registry.npmjs.org/microtime/-/microtime-0.2.0.tgz
110 http fetch 200 https://registry.npmjs.org/microtime/-/microtime-0.2.0.tgz
111 silly fetchAndShaCheck shasum 45ee5cb061f9948a3ade221e620d5117a8a2bdb4
112 verbose addTmpTarball C:\Users\ADMINI~1\AppData\Local\Temp\npm-29356-f86ea3b6\registry.npmjs.org\microtime\-\microtime-0.2.0.tgz not in flight; adding
113 verbose addTmpTarball already have metadata; skipping unpack for microtime@0.2.0
114 verbose correctMkdir C:\Users\Administrator\AppData\Roaming\npm-cache correctMkdir not in flight; initializing
115 silly cache afterAdd microtime@0.2.0
116 verbose afterAdd C:\Users\Administrator\AppData\Roaming\npm-cache\microtime\0.2.0\package\package.json not in flight; writing
117 verbose correctMkdir C:\Users\Administrator\AppData\Roaming\npm-cache correctMkdir not in flight; initializing
118 verbose afterAdd C:\Users\Administrator\AppData\Roaming\npm-cache\microtime\0.2.0\package\package.json written
119 silly loadAllDepsIntoIdealTree Finishing
120 silly idealTree:prePrune Gobang
120 silly idealTree:prePrune +-- microtime@0.2.0
120 silly idealTree:prePrune `-- socket@0.0.1
121 silly loadIdealTree Finishing
122 silly currentTree Gobang
123 silly idealTree Gobang
123 silly idealTree +-- microtime@0.2.0
123 silly idealTree `-- socket@0.0.1
124 silly generateActionsToTake Starting
125 silly install generateActionsToTake
126 silly generateActionsToTake Finishing
127 silly diffTrees action count 2
128 silly diffTrees add microtime@0.2.0
129 silly diffTrees add socket@0.0.1
130 silly decomposeActions action count 16
131 silly decomposeActions fetch microtime@0.2.0
132 silly decomposeActions extract microtime@0.2.0
133 silly decomposeActions test microtime@0.2.0
134 silly decomposeActions preinstall microtime@0.2.0
135 silly decomposeActions build microtime@0.2.0
136 silly decomposeActions install microtime@0.2.0
137 silly decomposeActions postinstall microtime@0.2.0
138 silly decomposeActions finalize microtime@0.2.0
139 silly decomposeActions fetch socket@0.0.1
140 silly decomposeActions extract socket@0.0.1
141 silly decomposeActions test socket@0.0.1
142 silly decomposeActions preinstall socket@0.0.1
143 silly decomposeActions build socket@0.0.1
144 silly decomposeActions install socket@0.0.1
145 silly decomposeActions postinstall socket@0.0.1
146 silly decomposeActions finalize socket@0.0.1
147 silly executeActions Starting
148 silly install executeActions
149 silly doSerial global-install 0
150 silly doParallel fetch 2
151 verbose correctMkdir C:\Users\Administrator\AppData\Roaming\npm-cache\_locks correctMkdir not in flight; initializing
152 verbose makeDirectory C:\Users\Administrator\AppData\Roaming\npm-cache\_locks creation not in flight; initializing
153 verbose makeCacheDir UID & GID are irrelevant on win32
154 verbose lock using C:\Users\Administrator\AppData\Roaming\npm-cache\_locks\staging-7f511ebdf1ce4b62.lock for D:\BaiduYunSync\MJavaProject\Web\Gobang\node_modules\.staging
155 silly doParallel extract 2
156 silly extract microtime@0.2.0
157 silly extract socket@0.0.1
158 verbose unbuild node_modules\.staging\microtime-c0a6dbeb
159 verbose unbuild node_modules\.staging\socket-af2a502b
160 silly gentlyRm D:\BaiduYunSync\MJavaProject\Web\Gobang\node_modules\.staging\microtime-c0a6dbeb is being purged from base D:\BaiduYunSync\MJavaProject\Web\Gobang
161 verbose gentlyRm don't care about contents; nuking D:\BaiduYunSync\MJavaProject\Web\Gobang\node_modules\.staging\microtime-c0a6dbeb
162 silly gentlyRm D:\BaiduYunSync\MJavaProject\Web\Gobang\node_modules\.staging\socket-af2a502b is being purged from base D:\BaiduYunSync\MJavaProject\Web\Gobang
163 verbose gentlyRm don't care about contents; nuking D:\BaiduYunSync\MJavaProject\Web\Gobang\node_modules\.staging\socket-af2a502b
164 verbose tar unpack C:\Users\Administrator\AppData\Roaming\npm-cache\microtime\0.2.0\package.tgz
165 verbose tar unpacking to D:\BaiduYunSync\MJavaProject\Web\Gobang\node_modules\.staging\microtime-c0a6dbeb
166 silly gentlyRm D:\BaiduYunSync\MJavaProject\Web\Gobang\node_modules\.staging\microtime-c0a6dbeb is being purged
167 verbose gentlyRm don't care about contents; nuking D:\BaiduYunSync\MJavaProject\Web\Gobang\node_modules\.staging\microtime-c0a6dbeb
168 verbose tar unpack C:\Users\Administrator\AppData\Roaming\npm-cache\socket\0.0.1\package.tgz
169 verbose tar unpacking to D:\BaiduYunSync\MJavaProject\Web\Gobang\node_modules\.staging\socket-af2a502b
170 silly gentlyRm D:\BaiduYunSync\MJavaProject\Web\Gobang\node_modules\.staging\socket-af2a502b is being purged
171 verbose gentlyRm don't care about contents; nuking D:\BaiduYunSync\MJavaProject\Web\Gobang\node_modules\.staging\socket-af2a502b
172 silly gunzTarPerm modes [ '777', '666' ]
173 silly gunzTarPerm modes [ '777', '666' ]
174 silly gunzTarPerm extractEntry index.js
175 silly gunzTarPerm modified mode [ 'index.js', 420, 438 ]
176 silly gunzTarPerm extractEntry examples/
177 silly gunzTarPerm modified mode [ 'examples/', 493, 511 ]
178 silly gunzTarPerm extractEntry LICENSE
179 silly gunzTarPerm modified mode [ 'LICENSE', 420, 438 ]
180 silly gunzTarPerm extractEntry package.json
181 silly gunzTarPerm modified mode [ 'package.json', 420, 438 ]
182 silly gunzTarPerm extractEntry examples/echo-server.js
183 silly gunzTarPerm modified mode [ 'examples/echo-server.js', 420, 438 ]
184 silly gunzTarPerm extractEntry examples/simple-test.js
185 silly gunzTarPerm modified mode [ 'examples/simple-test.js', 420, 438 ]
186 silly gunzTarPerm extractEntry examples/simple-time-server.js
187 silly gunzTarPerm modified mode [ 'examples/simple-time-server.js', 420, 438 ]
188 silly gunzTarPerm extractEntry README.md
189 silly gunzTarPerm modified mode [ 'README.md', 420, 438 ]
190 silly gunzTarPerm extractEntry test.js
191 silly gunzTarPerm modified mode [ 'test.js', 420, 438 ]
192 silly gunzTarPerm extractEntry index.js
193 silly gunzTarPerm modified mode [ 'index.js', 420, 438 ]
194 silly gunzTarPerm extractEntry lib/
195 silly gunzTarPerm modified mode [ 'lib/', 493, 511 ]
196 silly gunzTarPerm extractEntry wscript
197 silly gunzTarPerm modified mode [ 'wscript', 420, 438 ]
198 silly gunzTarPerm extractEntry src/microtime.cc
199 silly gunzTarPerm modified mode [ 'src/microtime.cc', 420, 438 ]
200 silly gunzTarPerm extractEntry lib/index.js
201 silly gunzTarPerm modified mode [ 'lib/index.js', 420, 438 ]
202 silly gunzTarPerm extractEntry lib/middleware/
203 silly gunzTarPerm modified mode [ 'lib/middleware/', 493, 511 ]
204 silly gunzTarPerm extractEntry lib/middleware/echo.js
205 silly gunzTarPerm modified mode [ 'lib/middleware/echo.js', 420, 438 ]
206 silly gunzTarPerm extractEntry lib/middleware/errorHandler.js
207 silly gunzTarPerm modified mode [ 'lib/middleware/errorHandler.js', 420, 438 ]
208 silly gunzTarPerm extractEntry lib/middleware/json.js
209 silly gunzTarPerm modified mode [ 'lib/middleware/json.js', 420, 438 ]
210 silly gunzTarPerm extractEntry lib/middleware/profiler.js
211 silly gunzTarPerm modified mode [ 'lib/middleware/profiler.js', 420, 438 ]
212 silly gunzTarPerm extractEntry lib/proto.js
213 silly gunzTarPerm modified mode [ 'lib/proto.js', 420, 438 ]
214 silly gunzTarPerm extractEntry lib/utils.js
215 silly gunzTarPerm modified mode [ 'lib/utils.js', 420, 438 ]
216 silly gunzTarPerm extractEntry nbproject/
217 silly gunzTarPerm modified mode [ 'nbproject/', 493, 511 ]
218 silly gunzTarPerm extractEntry nbproject/private/
219 silly gunzTarPerm modified mode [ 'nbproject/private/', 493, 511 ]
220 silly gunzTarPerm extractEntry nbproject/private/private.properties
221 silly gunzTarPerm modified mode [ 'nbproject/private/private.properties', 420, 438 ]
222 silly gunzTarPerm extractEntry nbproject/project.properties
223 silly gunzTarPerm modified mode [ 'nbproject/project.properties', 420, 438 ]
224 silly gunzTarPerm extractEntry nbproject/project.xml
225 silly gunzTarPerm modified mode [ 'nbproject/project.xml', 420, 438 ]
226 silly gunzTarPerm extractEntry package.json
227 silly gunzTarPerm modified mode [ 'package.json', 420, 438 ]
228 silly gunzTarPerm extractEntry scripts/
229 silly gunzTarPerm modified mode [ 'scripts/', 493, 511 ]
230 silly gunzTarPerm extractEntry scripts/lint
231 silly gunzTarPerm modified mode [ 'scripts/lint', 493, 511 ]
232 silly gentlyRm D:\BaiduYunSync\MJavaProject\Web\Gobang\node_modules\.staging\microtime-c0a6dbeb\node_modules is being purged
233 verbose gentlyRm don't care about contents; nuking D:\BaiduYunSync\MJavaProject\Web\Gobang\node_modules\.staging\microtime-c0a6dbeb\node_modules
234 silly gentlyRm D:\BaiduYunSync\MJavaProject\Web\Gobang\node_modules\.staging\socket-af2a502b\node_modules is being purged
235 verbose gentlyRm don't care about contents; nuking D:\BaiduYunSync\MJavaProject\Web\Gobang\node_modules\.staging\socket-af2a502b\node_modules
236 silly doParallel preinstall 2
237 silly preinstall microtime@0.2.0 D:\BaiduYunSync\MJavaProject\Web\Gobang\node_modules\.staging\microtime-c0a6dbeb
238 info lifecycle microtime@0.2.0~preinstall: microtime@0.2.0
239 silly preinstall socket@0.0.1 D:\BaiduYunSync\MJavaProject\Web\Gobang\node_modules\.staging\socket-af2a502b
240 info lifecycle socket@0.0.1~preinstall: socket@0.0.1
241 silly lifecycle microtime@0.2.0~preinstall: no script for preinstall, continuing
242 silly lifecycle socket@0.0.1~preinstall: no script for preinstall, continuing
243 silly doReverseSerial remove 0
244 silly doSerial move 0
245 silly doSerial finalize 2
246 silly finalize D:\BaiduYunSync\MJavaProject\Web\Gobang\node_modules\microtime
247 silly finalize D:\BaiduYunSync\MJavaProject\Web\Gobang\node_modules\socket
248 silly doSerial build 2
249 silly build microtime@0.2.0
250 info linkStuff microtime@0.2.0
251 silly linkStuff microtime@0.2.0 has D:\BaiduYunSync\MJavaProject\Web\Gobang\node_modules as its parent node_modules
252 verbose linkBins microtime@0.2.0
253 verbose linkMans microtime@0.2.0
254 silly build socket@0.0.1
255 info linkStuff socket@0.0.1
256 silly linkStuff socket@0.0.1 has D:\BaiduYunSync\MJavaProject\Web\Gobang\node_modules as its parent node_modules
257 verbose linkBins socket@0.0.1
258 verbose linkMans socket@0.0.1
259 silly doSerial global-link 0
260 silly doParallel update-linked 0
261 silly doSerial install 2
262 silly install microtime@0.2.0 D:\BaiduYunSync\MJavaProject\Web\Gobang\node_modules\.staging\microtime-c0a6dbeb
263 info lifecycle microtime@0.2.0~install: microtime@0.2.0
264 verbose lifecycle microtime@0.2.0~install: unsafe-perm in lifecycle true
265 verbose lifecycle microtime@0.2.0~install: PATH: D:\NodeJS\node_modules\npm\bin\node-gyp-bin;D:\BaiduYunSync\MJavaProject\Web\Gobang\node_modules\microtime\node_modules\.bin;D:\BaiduYunSync\MJavaProject\Web\Gobang\node_modules\.bin;D:\NodeJS;C:\Users\Administrator\bin;D:\Git\mingw64\bin;D:\Git\usr\local\bin;D:\Git\usr\bin;D:\Git\usr\bin;D:\Git\mingw64\bin;D:\Git\usr\bin;C:\Users\Administrator\bin;D:\JDK\JDK8\bin;D:\JRE8\bin;D:\Android-SDK\platform-tools;C:\Program Files (x86)\Common Files\Intel\Shared Libraries\redist\intel64\compiler;D:\Android-SDK;D:\Ruby\bin;D:\JDK\JDK8\bin;D:\VB6;C:\Windows\system32;C:\Windows;C:\Windows\SysWOW64;C:\Windows\system32\wbem;C:\Program Files (x86)\Microsoft SQL Server\90\Tools\binn;tty\bin;D:\Maven\bin;C:\Program Files (x86)\ATI Technologies\ATI.ACE\Core-Static;C:\Program Files (x86)\AMD\ATI.ACE\Core-Static;D:\WinSCP;D:\JDK\scala\bin;D:\Redis;D:\PuTTY;F:\AMD\ATI.ACE\Core-Static;D:\OpenSSH\bin;D:\Git\cmd;D:\NodeJS;D:\Nmap;C:\Users\Administrator\AppData\Roaming\npm;.;.;D:\Git\usr\bin\vendor_perl;D:\Git\usr\bin\core_perl;.;
266 verbose lifecycle microtime@0.2.0~install: CWD: D:\BaiduYunSync\MJavaProject\Web\Gobang\node_modules\microtime
267 silly lifecycle microtime@0.2.0~install: Args: [ '/d /s /c', 'node-waf configure build' ]
268 silly lifecycle microtime@0.2.0~install: Returned: code: 1  signal: null
269 info lifecycle microtime@0.2.0~install: Failed to exec install script
270 verbose unlock done using C:\Users\Administrator\AppData\Roaming\npm-cache\_locks\staging-7f511ebdf1ce4b62.lock for D:\BaiduYunSync\MJavaProject\Web\Gobang\node_modules\.staging
271 silly rollbackFailedOptional Starting
272 silly rollbackFailedOptional Finishing
273 silly runTopLevelLifecycles Starting
274 silly runTopLevelLifecycles Finishing
275 silly install printInstalled
276 warn enoent ENOENT: no such file or directory, open 'D:\BaiduYunSync\MJavaProject\Web\Gobang\package.json'
277 warn Gobang No description
278 warn Gobang No repository field.
279 warn Gobang No README data
280 warn Gobang No license field.
281 verbose stack Error: microtime@0.2.0 install: `node-waf configure build`
281 verbose stack Exit status 1
281 verbose stack     at EventEmitter.<anonymous> (D:\NodeJS\node_modules\npm\lib\utils\lifecycle.js:239:16)
281 verbose stack     at emitTwo (events.js:100:13)
281 verbose stack     at EventEmitter.emit (events.js:185:7)
281 verbose stack     at ChildProcess.<anonymous> (D:\NodeJS\node_modules\npm\lib\utils\spawn.js:24:14)
281 verbose stack     at emitTwo (events.js:100:13)
281 verbose stack     at ChildProcess.emit (events.js:185:7)
281 verbose stack     at maybeClose (internal/child_process.js:850:16)
281 verbose stack     at Process.ChildProcess._handle.onexit (internal/child_process.js:215:5)
282 verbose pkgid microtime@0.2.0
283 verbose cwd D:\BaiduYunSync\MJavaProject\Web\Gobang
284 error Windows_NT 6.1.7601
285 error argv "D:\\NodeJS\\node.exe" "D:\\NodeJS\\node_modules\\npm\\bin\\npm-cli.js" "install" "socket"
286 error node v5.10.1
287 error npm  v3.8.3
288 error code ELIFECYCLE
289 error microtime@0.2.0 install: `node-waf configure build`
289 error Exit status 1
290 error Failed at the microtime@0.2.0 install script 'node-waf configure build'.
290 error Make sure you have the latest version of node.js and npm installed.
290 error If you do, this is most likely a problem with the microtime package,
290 error not with npm itself.
290 error Tell the author that this fails on your system:
290 error     node-waf configure build
290 error You can get information on how to open an issue for this project with:
290 error     npm bugs microtime
290 error Or if that isn't available, you can get their info via:
290 error     npm owner ls microtime
290 error There is likely additional logging output above.
291 verbose exit [ 1, true ]
